{"C:\\Users\\Leandro\\Desktop\\ISEL\\PI\\project\\PI-2021i-LI51D-G04\\Project\\COVIDA\\cov_db.js": {"path":"C:\\Users\\Leandro\\Desktop\\ISEL\\PI\\project\\PI-2021i-LI51D-G04\\Project\\COVIDA\\cov_db.js","statementMap":{"0":{"start":{"line":1,"column":16},"end":{"line":1,"column":39}},"1":{"start":{"line":2,"column":15},"end":{"line":2,"column":24}},"2":{"start":{"line":3,"column":14},"end":{"line":3,"column":35}},"3":{"start":{"line":4,"column":35},"end":{"line":4,"column":60}},"4":{"start":{"line":13,"column":4},"end":{"line":13,"column":65}},"5":{"start":{"line":13,"column":20},"end":{"line":13,"column":65}},"6":{"start":{"line":14,"column":17},"end":{"line":14,"column":142}},"7":{"start":{"line":14,"column":54},"end":{"line":14,"column":140}},"8":{"start":{"line":15,"column":14},"end":{"line":15,"column":93}},"9":{"start":{"line":15,"column":75},"end":{"line":15,"column":83}},"10":{"start":{"line":16,"column":20},"end":{"line":16,"column":68}},"11":{"start":{"line":17,"column":4},"end":{"line":30,"column":63}},"12":{"start":{"line":27,"column":8},"end":{"line":27,"column":22}},"13":{"start":{"line":28,"column":8},"end":{"line":28,"column":25}},"14":{"start":{"line":30,"column":18},"end":{"line":30,"column":61}},"15":{"start":{"line":30,"column":45},"end":{"line":30,"column":61}},"16":{"start":{"line":37,"column":17},"end":{"line":37,"column":142}},"17":{"start":{"line":37,"column":54},"end":{"line":37,"column":140}},"18":{"start":{"line":38,"column":4},"end":{"line":38,"column":75}},"19":{"start":{"line":38,"column":25},"end":{"line":38,"column":75}},"20":{"start":{"line":39,"column":24},"end":{"line":39,"column":66}},"21":{"start":{"line":39,"column":45},"end":{"line":39,"column":65}},"22":{"start":{"line":40,"column":4},"end":{"line":52,"column":6}},"23":{"start":{"line":47,"column":8},"end":{"line":47,"column":19}},"24":{"start":{"line":48,"column":8},"end":{"line":48,"column":25}},"25":{"start":{"line":50,"column":8},"end":{"line":51,"column":62}},"26":{"start":{"line":50,"column":39},"end":{"line":50,"column":102}},"27":{"start":{"line":51,"column":13},"end":{"line":51,"column":62}},"28":{"start":{"line":51,"column":42},"end":{"line":51,"column":62}},"29":{"start":{"line":61,"column":17},"end":{"line":61,"column":142}},"30":{"start":{"line":61,"column":54},"end":{"line":61,"column":140}},"31":{"start":{"line":62,"column":4},"end":{"line":62,"column":75}},"32":{"start":{"line":62,"column":25},"end":{"line":62,"column":75}},"33":{"start":{"line":63,"column":22},"end":{"line":63,"column":69}},"34":{"start":{"line":63,"column":48},"end":{"line":63,"column":68}},"35":{"start":{"line":64,"column":4},"end":{"line":66,"column":57}},"36":{"start":{"line":65,"column":8},"end":{"line":65,"column":111}},"37":{"start":{"line":65,"column":47},"end":{"line":65,"column":62}},"38":{"start":{"line":65,"column":65},"end":{"line":65,"column":111}},"39":{"start":{"line":66,"column":10},"end":{"line":66,"column":57}},"40":{"start":{"line":67,"column":4},"end":{"line":90,"column":6}},"41":{"start":{"line":83,"column":8},"end":{"line":83,"column":22}},"42":{"start":{"line":84,"column":8},"end":{"line":84,"column":25}},"43":{"start":{"line":86,"column":8},"end":{"line":89,"column":9}},"44":{"start":{"line":87,"column":12},"end":{"line":87,"column":48}},"45":{"start":{"line":88,"column":12},"end":{"line":88,"column":38}},"46":{"start":{"line":98,"column":17},"end":{"line":98,"column":142}},"47":{"start":{"line":98,"column":54},"end":{"line":98,"column":140}},"48":{"start":{"line":99,"column":4},"end":{"line":99,"column":75}},"49":{"start":{"line":99,"column":25},"end":{"line":99,"column":75}},"50":{"start":{"line":100,"column":22},"end":{"line":100,"column":69}},"51":{"start":{"line":100,"column":48},"end":{"line":100,"column":68}},"52":{"start":{"line":101,"column":4},"end":{"line":127,"column":57}},"53":{"start":{"line":102,"column":8},"end":{"line":102,"column":74}},"54":{"start":{"line":102,"column":58},"end":{"line":102,"column":73}},"55":{"start":{"line":103,"column":8},"end":{"line":126,"column":57}},"56":{"start":{"line":104,"column":12},"end":{"line":124,"column":14}},"57":{"start":{"line":120,"column":16},"end":{"line":120,"column":30}},"58":{"start":{"line":121,"column":16},"end":{"line":121,"column":33}},"59":{"start":{"line":123,"column":16},"end":{"line":123,"column":75}},"60":{"start":{"line":123,"column":44},"end":{"line":123,"column":75}},"61":{"start":{"line":126,"column":15},"end":{"line":126,"column":57}},"62":{"start":{"line":127,"column":10},"end":{"line":127,"column":57}},"63":{"start":{"line":136,"column":17},"end":{"line":136,"column":142}},"64":{"start":{"line":136,"column":54},"end":{"line":136,"column":140}},"65":{"start":{"line":137,"column":4},"end":{"line":137,"column":75}},"66":{"start":{"line":137,"column":25},"end":{"line":137,"column":75}},"67":{"start":{"line":138,"column":23},"end":{"line":138,"column":70}},"68":{"start":{"line":138,"column":49},"end":{"line":138,"column":69}},"69":{"start":{"line":139,"column":4},"end":{"line":156,"column":54}},"70":{"start":{"line":140,"column":8},"end":{"line":140,"column":84}},"71":{"start":{"line":141,"column":8},"end":{"line":141,"column":115}},"72":{"start":{"line":142,"column":8},"end":{"line":155,"column":67}},"73":{"start":{"line":154,"column":12},"end":{"line":154,"column":26}},"74":{"start":{"line":155,"column":12},"end":{"line":155,"column":65}},"75":{"start":{"line":155,"column":39},"end":{"line":155,"column":65}},"76":{"start":{"line":156,"column":14},"end":{"line":156,"column":54}},"77":{"start":{"line":162,"column":4},"end":{"line":162,"column":136}},"78":{"start":{"line":162,"column":48},"end":{"line":162,"column":134}},"79":{"start":{"line":169,"column":17},"end":{"line":169,"column":142}},"80":{"start":{"line":169,"column":54},"end":{"line":169,"column":140}},"81":{"start":{"line":170,"column":4},"end":{"line":170,"column":67}},"82":{"start":{"line":170,"column":27},"end":{"line":170,"column":67}},"83":{"start":{"line":171,"column":4},"end":{"line":171,"column":65}},"84":{"start":{"line":171,"column":44},"end":{"line":171,"column":64}},"85":{"start":{"line":172,"column":4},"end":{"line":174,"column":50}},"86":{"start":{"line":173,"column":8},"end":{"line":173,"column":34}},"87":{"start":{"line":174,"column":10},"end":{"line":174,"column":50}},"88":{"start":{"line":176,"column":0},"end":{"line":184,"column":1}},"89":{"start":{"line":187,"column":4},"end":{"line":205,"column":6}},"90":{"start":{"line":196,"column":17},"end":{"line":196,"column":27}},"91":{"start":{"line":198,"column":16},"end":{"line":198,"column":29}},"92":{"start":{"line":199,"column":18},"end":{"line":199,"column":20}},"93":{"start":{"line":200,"column":8},"end":{"line":203,"column":9}},"94":{"start":{"line":200,"column":20},"end":{"line":200,"column":21}},"95":{"start":{"line":201,"column":20},"end":{"line":201,"column":121}},"96":{"start":{"line":202,"column":12},"end":{"line":202,"column":23}},"97":{"start":{"line":204,"column":8},"end":{"line":204,"column":18}},"98":{"start":{"line":208,"column":4},"end":{"line":213,"column":6}},"99":{"start":{"line":216,"column":0},"end":{"line":216,"column":83}},"100":{"start":{"line":216,"column":35},"end":{"line":216,"column":51}},"101":{"start":{"line":216,"column":66},"end":{"line":216,"column":82}}},"fnMap":{"0":{"name":"createGroup","decl":{"start":{"line":12,"column":15},"end":{"line":12,"column":26}},"loc":{"start":{"line":12,"column":71},"end":{"line":31,"column":1}},"line":12},"1":{"name":"(anonymous_1)","decl":{"start":{"line":14,"column":46},"end":{"line":14,"column":47}},"loc":{"start":{"line":14,"column":53},"end":{"line":14,"column":141}},"line":14},"2":{"name":"(anonymous_2)","decl":{"start":{"line":15,"column":66},"end":{"line":15,"column":67}},"loc":{"start":{"line":15,"column":75},"end":{"line":15,"column":83}},"line":15},"3":{"name":"(anonymous_3)","decl":{"start":{"line":26,"column":10},"end":{"line":26,"column":11}},"loc":{"start":{"line":26,"column":17},"end":{"line":29,"column":5}},"line":26},"4":{"name":"(anonymous_4)","decl":{"start":{"line":30,"column":10},"end":{"line":30,"column":11}},"loc":{"start":{"line":30,"column":17},"end":{"line":30,"column":62}},"line":30},"5":{"name":"deleteGroup","decl":{"start":{"line":36,"column":15},"end":{"line":36,"column":26}},"loc":{"start":{"line":36,"column":49},"end":{"line":54,"column":1}},"line":36},"6":{"name":"(anonymous_6)","decl":{"start":{"line":37,"column":46},"end":{"line":37,"column":47}},"loc":{"start":{"line":37,"column":53},"end":{"line":37,"column":141}},"line":37},"7":{"name":"(anonymous_7)","decl":{"start":{"line":39,"column":36},"end":{"line":39,"column":37}},"loc":{"start":{"line":39,"column":45},"end":{"line":39,"column":65}},"line":39},"8":{"name":"(anonymous_8)","decl":{"start":{"line":46,"column":10},"end":{"line":46,"column":11}},"loc":{"start":{"line":46,"column":17},"end":{"line":48,"column":26}},"line":46},"9":{"name":"(anonymous_9)","decl":{"start":{"line":49,"column":10},"end":{"line":49,"column":11}},"loc":{"start":{"line":49,"column":17},"end":{"line":52,"column":5}},"line":49},"10":{"name":"addToGroup","decl":{"start":{"line":60,"column":15},"end":{"line":60,"column":25}},"loc":{"start":{"line":60,"column":53},"end":{"line":91,"column":1}},"line":60},"11":{"name":"(anonymous_11)","decl":{"start":{"line":61,"column":46},"end":{"line":61,"column":47}},"loc":{"start":{"line":61,"column":53},"end":{"line":61,"column":141}},"line":61},"12":{"name":"(anonymous_12)","decl":{"start":{"line":63,"column":39},"end":{"line":63,"column":40}},"loc":{"start":{"line":63,"column":48},"end":{"line":63,"column":68}},"line":63},"13":{"name":"(anonymous_13)","decl":{"start":{"line":65,"column":42},"end":{"line":65,"column":43}},"loc":{"start":{"line":65,"column":47},"end":{"line":65,"column":62}},"line":65},"14":{"name":"(anonymous_14)","decl":{"start":{"line":82,"column":10},"end":{"line":82,"column":11}},"loc":{"start":{"line":82,"column":16},"end":{"line":84,"column":26}},"line":82},"15":{"name":"(anonymous_15)","decl":{"start":{"line":85,"column":10},"end":{"line":85,"column":11}},"loc":{"start":{"line":85,"column":17},"end":{"line":90,"column":5}},"line":85},"16":{"name":"removeFromGroup","decl":{"start":{"line":97,"column":15},"end":{"line":97,"column":30}},"loc":{"start":{"line":97,"column":63},"end":{"line":128,"column":1}},"line":97},"17":{"name":"(anonymous_17)","decl":{"start":{"line":98,"column":46},"end":{"line":98,"column":47}},"loc":{"start":{"line":98,"column":53},"end":{"line":98,"column":141}},"line":98},"18":{"name":"(anonymous_18)","decl":{"start":{"line":100,"column":39},"end":{"line":100,"column":40}},"loc":{"start":{"line":100,"column":48},"end":{"line":100,"column":68}},"line":100},"19":{"name":"(anonymous_19)","decl":{"start":{"line":102,"column":53},"end":{"line":102,"column":54}},"loc":{"start":{"line":102,"column":58},"end":{"line":102,"column":73}},"line":102},"20":{"name":"(anonymous_20)","decl":{"start":{"line":119,"column":18},"end":{"line":119,"column":19}},"loc":{"start":{"line":119,"column":25},"end":{"line":121,"column":34}},"line":119},"21":{"name":"(anonymous_21)","decl":{"start":{"line":122,"column":18},"end":{"line":122,"column":19}},"loc":{"start":{"line":122,"column":25},"end":{"line":124,"column":13}},"line":122},"22":{"name":"editGroup","decl":{"start":{"line":135,"column":15},"end":{"line":135,"column":24}},"loc":{"start":{"line":135,"column":80},"end":{"line":157,"column":1}},"line":135},"23":{"name":"(anonymous_23)","decl":{"start":{"line":136,"column":46},"end":{"line":136,"column":47}},"loc":{"start":{"line":136,"column":53},"end":{"line":136,"column":141}},"line":136},"24":{"name":"(anonymous_24)","decl":{"start":{"line":138,"column":40},"end":{"line":138,"column":41}},"loc":{"start":{"line":138,"column":49},"end":{"line":138,"column":69}},"line":138},"25":{"name":"(anonymous_25)","decl":{"start":{"line":153,"column":14},"end":{"line":153,"column":15}},"loc":{"start":{"line":153,"column":21},"end":{"line":155,"column":66}},"line":153},"26":{"name":"listGroups","decl":{"start":{"line":161,"column":15},"end":{"line":161,"column":25}},"loc":{"start":{"line":161,"column":39},"end":{"line":163,"column":1}},"line":161},"27":{"name":"(anonymous_27)","decl":{"start":{"line":162,"column":40},"end":{"line":162,"column":41}},"loc":{"start":{"line":162,"column":47},"end":{"line":162,"column":135}},"line":162},"28":{"name":"showGroup","decl":{"start":{"line":168,"column":15},"end":{"line":168,"column":24}},"loc":{"start":{"line":168,"column":47},"end":{"line":175,"column":1}},"line":168},"29":{"name":"(anonymous_29)","decl":{"start":{"line":169,"column":46},"end":{"line":169,"column":47}},"loc":{"start":{"line":169,"column":53},"end":{"line":169,"column":141}},"line":169},"30":{"name":"(anonymous_30)","decl":{"start":{"line":171,"column":35},"end":{"line":171,"column":36}},"loc":{"start":{"line":171,"column":44},"end":{"line":171,"column":64}},"line":171},"31":{"name":"fetchGroups","decl":{"start":{"line":186,"column":9},"end":{"line":186,"column":20}},"loc":{"start":{"line":186,"column":25},"end":{"line":206,"column":1}},"line":186},"32":{"name":"(anonymous_32)","decl":{"start":{"line":196,"column":10},"end":{"line":196,"column":11}},"loc":{"start":{"line":196,"column":17},"end":{"line":196,"column":27}},"line":196},"33":{"name":"(anonymous_33)","decl":{"start":{"line":197,"column":10},"end":{"line":197,"column":11}},"loc":{"start":{"line":197,"column":17},"end":{"line":205,"column":5}},"line":197},"34":{"name":"refreshDB","decl":{"start":{"line":207,"column":9},"end":{"line":207,"column":18}},"loc":{"start":{"line":207,"column":23},"end":{"line":214,"column":1}},"line":207},"35":{"name":"(anonymous_35)","decl":{"start":{"line":216,"column":29},"end":{"line":216,"column":30}},"loc":{"start":{"line":216,"column":35},"end":{"line":216,"column":51}},"line":216},"36":{"name":"(anonymous_36)","decl":{"start":{"line":216,"column":59},"end":{"line":216,"column":60}},"loc":{"start":{"line":216,"column":66},"end":{"line":216,"column":82}},"line":216}},"branchMap":{"0":{"loc":{"start":{"line":12,"column":58},"end":{"line":12,"column":70}},"type":"default-arg","locations":[{"start":{"line":12,"column":64},"end":{"line":12,"column":70}}],"line":12},"1":{"loc":{"start":{"line":13,"column":4},"end":{"line":13,"column":65}},"type":"if","locations":[{"start":{"line":13,"column":4},"end":{"line":13,"column":65}},{"start":{"line":13,"column":4},"end":{"line":13,"column":65}}],"line":13},"2":{"loc":{"start":{"line":15,"column":14},"end":{"line":15,"column":93}},"type":"cond-expr","locations":[{"start":{"line":15,"column":34},"end":{"line":15,"column":89}},{"start":{"line":15,"column":92},"end":{"line":15,"column":93}}],"line":15},"3":{"loc":{"start":{"line":30,"column":18},"end":{"line":30,"column":61}},"type":"if","locations":[{"start":{"line":30,"column":18},"end":{"line":30,"column":61}},{"start":{"line":30,"column":18},"end":{"line":30,"column":61}}],"line":30},"4":{"loc":{"start":{"line":36,"column":36},"end":{"line":36,"column":48}},"type":"default-arg","locations":[{"start":{"line":36,"column":42},"end":{"line":36,"column":48}}],"line":36},"5":{"loc":{"start":{"line":38,"column":4},"end":{"line":38,"column":75}},"type":"if","locations":[{"start":{"line":38,"column":4},"end":{"line":38,"column":75}},{"start":{"line":38,"column":4},"end":{"line":38,"column":75}}],"line":38},"6":{"loc":{"start":{"line":50,"column":8},"end":{"line":51,"column":62}},"type":"if","locations":[{"start":{"line":50,"column":8},"end":{"line":51,"column":62}},{"start":{"line":50,"column":8},"end":{"line":51,"column":62}}],"line":50},"7":{"loc":{"start":{"line":51,"column":13},"end":{"line":51,"column":62}},"type":"if","locations":[{"start":{"line":51,"column":13},"end":{"line":51,"column":62}},{"start":{"line":51,"column":13},"end":{"line":51,"column":62}}],"line":51},"8":{"loc":{"start":{"line":60,"column":40},"end":{"line":60,"column":52}},"type":"default-arg","locations":[{"start":{"line":60,"column":46},"end":{"line":60,"column":52}}],"line":60},"9":{"loc":{"start":{"line":62,"column":4},"end":{"line":62,"column":75}},"type":"if","locations":[{"start":{"line":62,"column":4},"end":{"line":62,"column":75}},{"start":{"line":62,"column":4},"end":{"line":62,"column":75}}],"line":62},"10":{"loc":{"start":{"line":64,"column":4},"end":{"line":66,"column":57}},"type":"if","locations":[{"start":{"line":64,"column":4},"end":{"line":66,"column":57}},{"start":{"line":64,"column":4},"end":{"line":66,"column":57}}],"line":64},"11":{"loc":{"start":{"line":65,"column":8},"end":{"line":65,"column":111}},"type":"if","locations":[{"start":{"line":65,"column":8},"end":{"line":65,"column":111}},{"start":{"line":65,"column":8},"end":{"line":65,"column":111}}],"line":65},"12":{"loc":{"start":{"line":86,"column":8},"end":{"line":89,"column":9}},"type":"if","locations":[{"start":{"line":86,"column":8},"end":{"line":89,"column":9}},{"start":{"line":86,"column":8},"end":{"line":89,"column":9}}],"line":86},"13":{"loc":{"start":{"line":97,"column":50},"end":{"line":97,"column":62}},"type":"default-arg","locations":[{"start":{"line":97,"column":56},"end":{"line":97,"column":62}}],"line":97},"14":{"loc":{"start":{"line":99,"column":4},"end":{"line":99,"column":75}},"type":"if","locations":[{"start":{"line":99,"column":4},"end":{"line":99,"column":75}},{"start":{"line":99,"column":4},"end":{"line":99,"column":75}}],"line":99},"15":{"loc":{"start":{"line":101,"column":4},"end":{"line":127,"column":57}},"type":"if","locations":[{"start":{"line":101,"column":4},"end":{"line":127,"column":57}},{"start":{"line":101,"column":4},"end":{"line":127,"column":57}}],"line":101},"16":{"loc":{"start":{"line":103,"column":8},"end":{"line":126,"column":57}},"type":"if","locations":[{"start":{"line":103,"column":8},"end":{"line":126,"column":57}},{"start":{"line":103,"column":8},"end":{"line":126,"column":57}}],"line":103},"17":{"loc":{"start":{"line":123,"column":16},"end":{"line":123,"column":75}},"type":"if","locations":[{"start":{"line":123,"column":16},"end":{"line":123,"column":75}},{"start":{"line":123,"column":16},"end":{"line":123,"column":75}}],"line":123},"18":{"loc":{"start":{"line":135,"column":67},"end":{"line":135,"column":79}},"type":"default-arg","locations":[{"start":{"line":135,"column":73},"end":{"line":135,"column":79}}],"line":135},"19":{"loc":{"start":{"line":137,"column":4},"end":{"line":137,"column":75}},"type":"if","locations":[{"start":{"line":137,"column":4},"end":{"line":137,"column":75}},{"start":{"line":137,"column":4},"end":{"line":137,"column":75}}],"line":137},"20":{"loc":{"start":{"line":139,"column":4},"end":{"line":156,"column":54}},"type":"if","locations":[{"start":{"line":139,"column":4},"end":{"line":156,"column":54}},{"start":{"line":139,"column":4},"end":{"line":156,"column":54}}],"line":139},"21":{"loc":{"start":{"line":140,"column":35},"end":{"line":140,"column":84}},"type":"cond-expr","locations":[{"start":{"line":140,"column":48},"end":{"line":140,"column":59}},{"start":{"line":140,"column":60},"end":{"line":140,"column":84}}],"line":140},"22":{"loc":{"start":{"line":141,"column":42},"end":{"line":141,"column":115}},"type":"cond-expr","locations":[{"start":{"line":141,"column":63},"end":{"line":141,"column":81}},{"start":{"line":141,"column":84},"end":{"line":141,"column":115}}],"line":141},"23":{"loc":{"start":{"line":155,"column":12},"end":{"line":155,"column":65}},"type":"if","locations":[{"start":{"line":155,"column":12},"end":{"line":155,"column":65}},{"start":{"line":155,"column":12},"end":{"line":155,"column":65}}],"line":155},"24":{"loc":{"start":{"line":161,"column":26},"end":{"line":161,"column":38}},"type":"default-arg","locations":[{"start":{"line":161,"column":32},"end":{"line":161,"column":38}}],"line":161},"25":{"loc":{"start":{"line":168,"column":34},"end":{"line":168,"column":46}},"type":"default-arg","locations":[{"start":{"line":168,"column":40},"end":{"line":168,"column":46}}],"line":168},"26":{"loc":{"start":{"line":170,"column":4},"end":{"line":170,"column":67}},"type":"if","locations":[{"start":{"line":170,"column":4},"end":{"line":170,"column":67}},{"start":{"line":170,"column":4},"end":{"line":170,"column":67}}],"line":170},"27":{"loc":{"start":{"line":172,"column":4},"end":{"line":174,"column":50}},"type":"if","locations":[{"start":{"line":172,"column":4},"end":{"line":174,"column":50}},{"start":{"line":172,"column":4},"end":{"line":174,"column":50}}],"line":172}},"s":{"0":1,"1":1,"2":1,"3":1,"4":2,"5":1,"6":1,"7":0,"8":1,"9":1,"10":1,"11":1,"12":1,"13":1,"14":1,"15":1,"16":4,"17":0,"18":3,"19":0,"20":3,"21":3,"22":3,"23":3,"24":3,"25":3,"26":1,"27":2,"28":2,"29":0,"30":0,"31":0,"32":0,"33":0,"34":0,"35":0,"36":0,"37":0,"38":0,"39":0,"40":0,"41":0,"42":0,"43":0,"44":0,"45":0,"46":0,"47":0,"48":0,"49":0,"50":0,"51":0,"52":0,"53":0,"54":0,"55":0,"56":0,"57":0,"58":0,"59":0,"60":0,"61":0,"62":0,"63":0,"64":0,"65":0,"66":0,"67":0,"68":0,"69":0,"70":0,"71":0,"72":0,"73":0,"74":0,"75":0,"76":0,"77":0,"78":0,"79":0,"80":0,"81":0,"82":0,"83":0,"84":0,"85":0,"86":0,"87":0,"88":1,"89":5,"90":4,"91":4,"92":4,"93":4,"94":4,"95":4,"96":4,"97":4,"98":4,"99":1,"100":1,"101":0},"f":{"0":2,"1":0,"2":1,"3":1,"4":1,"5":4,"6":0,"7":3,"8":3,"9":3,"10":0,"11":0,"12":0,"13":0,"14":0,"15":0,"16":0,"17":0,"18":0,"19":0,"20":0,"21":0,"22":0,"23":0,"24":0,"25":0,"26":0,"27":0,"28":0,"29":0,"30":0,"31":5,"32":4,"33":4,"34":4,"35":1,"36":0},"b":{"0":[0],"1":[1,1],"2":[1,0],"3":[1,0],"4":[0],"5":[0,3],"6":[1,2],"7":[2,0],"8":[0],"9":[0,0],"10":[0,0],"11":[0,0],"12":[0,0],"13":[0],"14":[0,0],"15":[0,0],"16":[0,0],"17":[0,0],"18":[0],"19":[0,0],"20":[0,0],"21":[0,0],"22":[0,0],"23":[0,0],"24":[0],"25":[0],"26":[0,0],"27":[0,0]},"_coverageSchema":"1a1c01bbd47fc00a2c39e90264f33305004495a9","hash":"b9d6d9c3c2173544b39e501a89cc5156827c6bcd"}
,"C:\\Users\\Leandro\\Desktop\\ISEL\\PI\\project\\PI-2021i-LI51D-G04\\Project\\COVIDA\\resources.js": {"path":"C:\\Users\\Leandro\\Desktop\\ISEL\\PI\\project\\PI-2021i-LI51D-G04\\Project\\COVIDA\\resources.js","statementMap":{"0":{"start":{"line":1,"column":0},"end":{"line":6,"column":1}},"1":{"start":{"line":9,"column":4},"end":{"line":10,"column":21}},"2":{"start":{"line":14,"column":4},"end":{"line":14,"column":22}},"3":{"start":{"line":15,"column":4},"end":{"line":15,"column":24}},"4":{"start":{"line":19,"column":4},"end":{"line":22,"column":22}},"5":{"start":{"line":26,"column":4},"end":{"line":27,"column":16}}},"fnMap":{"0":{"name":"Answer","decl":{"start":{"line":8,"column":9},"end":{"line":8,"column":15}},"loc":{"start":{"line":8,"column":25},"end":{"line":11,"column":1}},"line":8},"1":{"name":"Error","decl":{"start":{"line":13,"column":9},"end":{"line":13,"column":14}},"loc":{"start":{"line":13,"column":27},"end":{"line":16,"column":1}},"line":13},"2":{"name":"Group","decl":{"start":{"line":18,"column":9},"end":{"line":18,"column":14}},"loc":{"start":{"line":18,"column":70},"end":{"line":23,"column":1}},"line":18},"3":{"name":"Game","decl":{"start":{"line":25,"column":9},"end":{"line":25,"column":13}},"loc":{"start":{"line":25,"column":23},"end":{"line":28,"column":1}},"line":25}},"branchMap":{"0":{"loc":{"start":{"line":18,"column":36},"end":{"line":18,"column":58}},"type":"default-arg","locations":[{"start":{"line":18,"column":56},"end":{"line":18,"column":58}}],"line":18},"1":{"loc":{"start":{"line":18,"column":60},"end":{"line":18,"column":68}},"type":"default-arg","locations":[{"start":{"line":18,"column":66},"end":{"line":18,"column":68}}],"line":18}},"s":{"0":1,"1":0,"2":3,"3":3,"4":6,"5":0},"f":{"0":0,"1":3,"2":6,"3":0},"b":{"0":[0],"1":[0]},"_coverageSchema":"1a1c01bbd47fc00a2c39e90264f33305004495a9","hash":"6e3087a91df82ef515a822efde47b43cc2689b0e"}
}
