TN:
SF:COVIDA\cov_db.js
FN:12,createGroup
FN:14,(anonymous_1)
FN:15,(anonymous_2)
FN:26,(anonymous_3)
FN:30,(anonymous_4)
FN:36,deleteGroup
FN:37,(anonymous_6)
FN:39,(anonymous_7)
FN:46,(anonymous_8)
FN:49,(anonymous_9)
FN:60,addToGroup
FN:61,(anonymous_11)
FN:63,(anonymous_12)
FN:65,(anonymous_13)
FN:82,(anonymous_14)
FN:85,(anonymous_15)
FN:97,removeFromGroup
FN:98,(anonymous_17)
FN:100,(anonymous_18)
FN:102,(anonymous_19)
FN:119,(anonymous_20)
FN:122,(anonymous_21)
FN:135,editGroup
FN:136,(anonymous_23)
FN:138,(anonymous_24)
FN:153,(anonymous_25)
FN:161,listGroups
FN:162,(anonymous_27)
FN:168,showGroup
FN:169,(anonymous_29)
FN:171,(anonymous_30)
FN:186,fetchGroups
FN:196,(anonymous_32)
FN:197,(anonymous_33)
FN:207,refreshDB
FN:216,(anonymous_35)
FN:216,(anonymous_36)
FNF:37
FNH:13
FNDA:2,createGroup
FNDA:0,(anonymous_1)
FNDA:1,(anonymous_2)
FNDA:1,(anonymous_3)
FNDA:1,(anonymous_4)
FNDA:4,deleteGroup
FNDA:0,(anonymous_6)
FNDA:3,(anonymous_7)
FNDA:3,(anonymous_8)
FNDA:3,(anonymous_9)
FNDA:0,addToGroup
FNDA:0,(anonymous_11)
FNDA:0,(anonymous_12)
FNDA:0,(anonymous_13)
FNDA:0,(anonymous_14)
FNDA:0,(anonymous_15)
FNDA:0,removeFromGroup
FNDA:0,(anonymous_17)
FNDA:0,(anonymous_18)
FNDA:0,(anonymous_19)
FNDA:0,(anonymous_20)
FNDA:0,(anonymous_21)
FNDA:0,editGroup
FNDA:0,(anonymous_23)
FNDA:0,(anonymous_24)
FNDA:0,(anonymous_25)
FNDA:0,listGroups
FNDA:0,(anonymous_27)
FNDA:0,showGroup
FNDA:0,(anonymous_29)
FNDA:0,(anonymous_30)
FNDA:5,fetchGroups
FNDA:4,(anonymous_32)
FNDA:4,(anonymous_33)
FNDA:4,refreshDB
FNDA:1,(anonymous_35)
FNDA:0,(anonymous_36)
DA:1,1
DA:2,1
DA:3,1
DA:4,1
DA:13,2
DA:14,1
DA:15,1
DA:16,1
DA:17,1
DA:27,1
DA:28,1
DA:30,1
DA:37,4
DA:38,3
DA:39,3
DA:40,3
DA:47,3
DA:48,3
DA:50,3
DA:51,2
DA:61,0
DA:62,0
DA:63,0
DA:64,0
DA:65,0
DA:66,0
DA:67,0
DA:83,0
DA:84,0
DA:86,0
DA:87,0
DA:88,0
DA:98,0
DA:99,0
DA:100,0
DA:101,0
DA:102,0
DA:103,0
DA:104,0
DA:120,0
DA:121,0
DA:123,0
DA:126,0
DA:127,0
DA:136,0
DA:137,0
DA:138,0
DA:139,0
DA:140,0
DA:141,0
DA:142,0
DA:154,0
DA:155,0
DA:156,0
DA:162,0
DA:169,0
DA:170,0
DA:171,0
DA:172,0
DA:173,0
DA:174,0
DA:176,1
DA:187,5
DA:196,4
DA:198,4
DA:199,4
DA:200,4
DA:201,4
DA:202,4
DA:204,4
DA:208,4
DA:216,1
LF:72
LH:31
BRDA:12,0,0,0
BRDA:13,1,0,1
BRDA:13,1,1,1
BRDA:15,2,0,1
BRDA:15,2,1,0
BRDA:30,3,0,1
BRDA:30,3,1,0
BRDA:36,4,0,0
BRDA:38,5,0,0
BRDA:38,5,1,3
BRDA:50,6,0,1
BRDA:50,6,1,2
BRDA:51,7,0,2
BRDA:51,7,1,0
BRDA:60,8,0,0
BRDA:62,9,0,0
BRDA:62,9,1,0
BRDA:64,10,0,0
BRDA:64,10,1,0
BRDA:65,11,0,0
BRDA:65,11,1,0
BRDA:86,12,0,0
BRDA:86,12,1,0
BRDA:97,13,0,0
BRDA:99,14,0,0
BRDA:99,14,1,0
BRDA:101,15,0,0
BRDA:101,15,1,0
BRDA:103,16,0,0
BRDA:103,16,1,0
BRDA:123,17,0,0
BRDA:123,17,1,0
BRDA:135,18,0,0
BRDA:137,19,0,0
BRDA:137,19,1,0
BRDA:139,20,0,0
BRDA:139,20,1,0
BRDA:140,21,0,0
BRDA:140,21,1,0
BRDA:141,22,0,0
BRDA:141,22,1,0
BRDA:155,23,0,0
BRDA:155,23,1,0
BRDA:161,24,0,0
BRDA:168,25,0,0
BRDA:170,26,0,0
BRDA:170,26,1,0
BRDA:172,27,0,0
BRDA:172,27,1,0
BRF:49
BRH:8
end_of_record
TN:
SF:COVIDA\resources.js
FN:8,Answer
FN:13,Error
FN:18,Group
FN:25,Game
FNF:4
FNH:2
FNDA:0,Answer
FNDA:3,Error
FNDA:6,Group
FNDA:0,Game
DA:1,1
DA:9,0
DA:14,3
DA:15,3
DA:19,6
DA:26,0
LF:6
LH:4
BRDA:18,0,0,0
BRDA:18,1,0,0
BRF:2
BRH:0
end_of_record
